0 info it worked if it ends with ok
1 verbose cli [ '/usr/local/bin/node', '/usr/local/bin/npm', 'run', 'prod' ]
2 info using npm@3.10.10
3 info using node@v6.11.1
4 verbose run-script [ 'preprod', 'prod', 'postprod' ]
5 info lifecycle server@1.0.0~preprod: server@1.0.0
6 silly lifecycle server@1.0.0~preprod: no script for preprod, continuing
7 info lifecycle server@1.0.0~prod: server@1.0.0
8 verbose lifecycle server@1.0.0~prod: unsafe-perm in lifecycle true
9 verbose lifecycle server@1.0.0~prod: PATH: /usr/local/lib/node_modules/npm/bin/node-gyp-bin:/Users/chris/Projects/Jukebox/server/node_modules/.bin:/Users/chris/bin:/usr/local/bin:/usr/bin:/bin:/usr/sbin:/sbin:/usr/local/bin:/opt/X11/bin
10 verbose lifecycle server@1.0.0~prod: CWD: /Users/chris/Projects/Jukebox/server
11 silly lifecycle server@1.0.0~prod: Args: [ '-c', 'node index.js' ]
12 silly lifecycle server@1.0.0~prod: Returned: code: 1  signal: null
13 info lifecycle server@1.0.0~prod: Failed to exec prod script
14 verbose stack Error: server@1.0.0 prod: `node index.js`
14 verbose stack Exit status 1
14 verbose stack     at EventEmitter.<anonymous> (/usr/local/lib/node_modules/npm/lib/utils/lifecycle.js:255:16)
14 verbose stack     at emitTwo (events.js:106:13)
14 verbose stack     at EventEmitter.emit (events.js:191:7)
14 verbose stack     at ChildProcess.<anonymous> (/usr/local/lib/node_modules/npm/lib/utils/spawn.js:40:14)
14 verbose stack     at emitTwo (events.js:106:13)
14 verbose stack     at ChildProcess.emit (events.js:191:7)
14 verbose stack     at maybeClose (internal/child_process.js:891:16)
14 verbose stack     at Process.ChildProcess._handle.onexit (internal/child_process.js:226:5)
15 verbose pkgid server@1.0.0
16 verbose cwd /Users/chris/Projects/Jukebox/server
17 error Darwin 16.7.0
18 error argv "/usr/local/bin/node" "/usr/local/bin/npm" "run" "prod"
19 error node v6.11.1
20 error npm  v3.10.10
21 error code ELIFECYCLE
22 error server@1.0.0 prod: `node index.js`
22 error Exit status 1
23 error Failed at the server@1.0.0 prod script 'node index.js'.
23 error Make sure you have the latest version of node.js and npm installed.
23 error If you do, this is most likely a problem with the server package,
23 error not with npm itself.
23 error Tell the author that this fails on your system:
23 error     node index.js
23 error You can get information on how to open an issue for this project with:
23 error     npm bugs server
23 error Or if that isn't available, you can get their info via:
23 error     npm owner ls server
23 error There is likely additional logging output above.
24 verbose exit [ 1, true ]
